<?xml version="1.0" encoding="UTF-8"?>
<testsuite xmlns:xsi="http://www.w3.org/2001/XMLSchema-instance" xsi:noNamespaceSchemaLocation="https://maven.apache.org/surefire/maven-surefire-plugin/xsd/surefire-test-report.xsd" name="org.example.InitializeValuesTest" time="0.096" tests="5" errors="0" skipped="0" failures="0">
  <properties>
[...]
</properties>
  <testcase name="testFloatDefaultValues" classname="org.example.InitializeValuesTest" time="0.066"/>
  <testcase name="testBooleanDefaultValue" classname="org.example.InitializeValuesTest" time="0.003"/>
  <testcase name="testIntegralDefaultValues" classname="org.example.InitializeValuesTest" time="0.003"/>
  <testcase name="testCharDefaultValue" classname="org.example.InitializeValuesTest" time="0.002"/>
  <testcase name="testReferenceDefaultValue" classname="org.example.InitializeValuesTest" time="0.004"/>
</testsuite>