<?xml version="1.0" encoding="UTF-8"?>
<testsuite xmlns:xsi="http://www.w3.org/2001/XMLSchema-instance" xsi:noNamespaceSchemaLocation="https://maven.apache.org/surefire/maven-surefire-plugin/xsd/surefire-test-report.xsd" name="org.example.PrimitiveOverloadingTest" time="0.084" tests="7" errors="0" skipped="0" failures="0">
  <properties>
[...]
</properties>
  <testcase name="testInt" classname="org.example.PrimitiveOverloadingTest" time="0.053"/>
  <testcase name="testFloat" classname="org.example.PrimitiveOverloadingTest" time="0"/>
  <testcase name="testShort" classname="org.example.PrimitiveOverloadingTest" time="0"/>
  <testcase name="testByte" classname="org.example.PrimitiveOverloadingTest" time="0.001"/>
  <testcase name="testChar" classname="org.example.PrimitiveOverloadingTest" time="0.003"/>
  <testcase name="testLong" classname="org.example.PrimitiveOverloadingTest" time="0"/>
  <testcase name="testDouble" classname="org.example.PrimitiveOverloadingTest" time="0.003"/>
</testsuite>